Loading db file '/home/mariagrazia.graziano/do/libnangate/NangateOpenCellLibrary_typical_ecsm.db'
Information: Propagating switching activity (low effort zero delay simulation). (PWR-6)
Warning: Design has unannotated primary inputs. (PWR-414)
Warning: Design has unannotated sequential cell outputs. (PWR-415)
 
****************************************
Report : power
        -analysis_effort low
Design : CPU
Version: S-2021.06-SP4
Date   : Wed Oct 18 21:01:54 2023
****************************************


Library(s) Used:

    NangateOpenCellLibrary (File: /home/mariagrazia.graziano/do/libnangate/NangateOpenCellLibrary_typical_ecsm.db)


Operating Conditions: typical   Library: NangateOpenCellLibrary
Wire Load Model Mode: top

Design        Wire Load Model            Library
------------------------------------------------
CPU                    5K_hvratio_1_4    NangateOpenCellLibrary


Global Operating Voltage = 1.1  
Power-specific unit information :
    Voltage Units = 1V
    Capacitance Units = 1.000000ff
    Time Units = 1ns
    Dynamic Power Units = 1uW    (derived from V,C,T units)
    Leakage Power Units = 1nW


  Cell Internal Power  =  10.3023 mW    (1%)
  Net Switching Power  = 808.0876 mW   (99%)
                         ---------
Total Dynamic Power    = 818.3898 mW  (100%)

Cell Leakage Power     = 399.4569 uW


                 Internal         Switching           Leakage            Total
Power Group      Power            Power               Power              Power   (   %    )  Attrs
--------------------------------------------------------------------------------------------------
io_pad             0.0000            0.0000            0.0000            0.0000  (   0.00%)
memory             0.0000            0.0000            0.0000            0.0000  (   0.00%)
black_box          0.0000            0.0000            0.0000            0.0000  (   0.00%)
clock_network    807.2925        8.0739e+05           43.0596        8.0819e+05  (  98.71%)
register       9.2661e+03           60.0180        1.7313e+05        9.4993e+03  (   1.16%)
sequential         0.0000            0.0000            0.0000            0.0000  (   0.00%)
combinational    228.8129          642.4100        2.2628e+05        1.0975e+03  (   0.13%)
--------------------------------------------------------------------------------------------------
Total          1.0302e+04 uW     8.0809e+05 uW     3.9946e+05 nW     8.1879e+05 uW
1
